2026-07-13 17:42:34 | INFO | M03 | === RUN START ===
2026-07-13 17:42:34 | INFO | M03 | project=M03
2026-07-13 17:42:34 | INFO | M03 | repo_dir=ml-03-classification
2026-07-13 17:42:34 | INFO | M03 | python=3.14.5
2026-07-13 17:42:34 | INFO | M03 | os=Darwin 20.6.0
2026-07-13 17:42:34 | INFO | M03 | shell=zsh
2026-07-13 17:42:34 | INFO | M03 | cwd=notebooks
2026-07-13 17:42:34 | INFO | M03 | github_actions=False
2026-07-13 17:42:34 | INFO | M03 | Confirming installation:
2026-07-13 17:42:34 | INFO | M03 |   python:       3.14.5
2026-07-13 17:42:34 | INFO | M03 |   pandas:       3.0.3
2026-07-13 17:42:34 | INFO | M03 |   numpy:        2.5.1
2026-07-13 17:42:34 | INFO | M03 |   scikit-learn: 1.9.0
2026-07-13 17:42:34 | INFO | M03 |   seaborn:      0.13.2
2026-07-13 17:42:34 | INFO | M03 |   matplotlib:   3.11.0
2026-07-13 17:42:35 | INFO | M03 | Loading dataset: penguins
2026-07-13 17:42:35 | INFO | M03 | Loaded: 344 rows (instances), 7 columns
2026-07-13 17:42:35 | INFO | M03 | Original rows: 344
2026-07-13 17:42:35 | INFO | M03 | Model rows:    342
2026-07-13 17:42:35 | INFO | M03 | Classes in target 'species': ['Adelie', 'Chinstrap', 'Gentoo']
2026-07-13 17:42:35 | DEBUG | M03 | Class counts:
species
Adelie       151
Gentoo       123
Chinstrap     68
Name: count, dtype: int64
2026-07-13 17:42:35 | INFO | M03 | Train instances: 273
2026-07-13 17:42:35 | INFO | M03 | Test instances: 69
2026-07-13 17:42:35 | INFO | M03 | Fitting DecisionTreeClassifier(max_depth=3)
2026-07-13 17:42:35 | INFO | M03 | Test accuracy: 0.986
2026-07-13 17:42:35 | INFO | M03 | Per-class precision / recall / F1:
2026-07-13 17:42:35 | DEBUG | M03 | 
              precision    recall  f1-score   support

      Adelie       0.97      1.00      0.98        30
   Chinstrap       1.00      0.93      0.96        14
      Gentoo       1.00      1.00      1.00        25

    accuracy                           0.99        69
   macro avg       0.99      0.98      0.98        69
weighted avg       0.99      0.99      0.99        69

2026-07-13 17:42:35 | INFO | M03 | Showing confusion matrix (rows = actual, cols = predicted)
2026-07-13 17:42:37 | DEBUG | M03 |   depth= 1  train=0.791  test=0.797
2026-07-13 17:42:37 | DEBUG | M03 |   depth= 2  train=0.960  test=0.986
2026-07-13 17:42:37 | DEBUG | M03 |   depth= 3  train=0.967  test=0.986
2026-07-13 17:42:37 | DEBUG | M03 |   depth= 4  train=0.989  test=1.000
2026-07-13 17:42:37 | DEBUG | M03 |   depth= 5  train=0.996  test=1.000
2026-07-13 17:42:37 | DEBUG | M03 |   depth= 6  train=0.996  test=1.000
2026-07-13 17:42:37 | DEBUG | M03 |   depth= 7  train=1.000  test=1.000
2026-07-13 17:42:37 | DEBUG | M03 |   depth= 8  train=1.000  test=1.000
2026-07-13 17:42:37 | DEBUG | M03 |   depth= 9  train=1.000  test=1.000
2026-07-13 17:42:37 | DEBUG | M03 |   depth=10  train=1.000  test=1.000
2026-07-13 17:42:37 | DEBUG | M03 |   depth=11  train=1.000  test=1.000
2026-07-13 17:42:37 | DEBUG | M03 |   depth=12  train=1.000  test=1.000
2026-07-13 17:42:37 | INFO | M03 | ========================
2026-07-13 17:42:37 | INFO | M03 | SUMMARY
2026-07-13 17:42:37 | INFO | M03 | ========================
2026-07-13 17:42:37 | INFO | M03 | Dataset:   penguins
2026-07-13 17:42:37 | INFO | M03 | Target:    species  (classification)
2026-07-13 17:42:37 | INFO | M03 | Features:  ['bill_length_mm', 'bill_depth_mm', 'flipper_length_mm', 'body_mass_g']
2026-07-13 17:42:37 | INFO | M03 | Model:     DecisionTreeClassifier(max_depth=3)
2026-07-13 17:42:37 | INFO | M03 | ========================
2026-07-13 17:44:36 | INFO | ML | === RUN START ===
2026-07-13 17:44:36 | INFO | ML | project=ML
2026-07-13 17:44:36 | INFO | ML | repo_dir=ml-03-classification
2026-07-13 17:44:36 | INFO | ML | python=3.14.5
2026-07-13 17:44:36 | INFO | ML | os=Darwin 20.6.0
2026-07-13 17:44:36 | INFO | ML | shell=zsh
2026-07-13 17:44:36 | INFO | ML | cwd=.
2026-07-13 17:44:36 | INFO | ML | github_actions=False
2026-07-13 17:44:36 | INFO | ML | === RUN START ===
2026-07-13 17:44:36 | INFO | ML | project=ML
2026-07-13 17:44:36 | INFO | ML | repo_dir=ml-03-classification
2026-07-13 17:44:36 | INFO | ML | python=3.14.5
2026-07-13 17:44:36 | INFO | ML | os=Darwin 20.6.0
2026-07-13 17:44:36 | INFO | ML | shell=zsh
2026-07-13 17:44:36 | INFO | ML | cwd=.
2026-07-13 17:44:36 | INFO | ML | github_actions=False
2026-07-13 17:44:36 | INFO | ML | ========================
2026-07-13 17:44:36 | INFO | ML | START main()
2026-07-13 17:44:36 | INFO | ML | ========================
2026-07-13 17:44:36 | INFO | ML | Load dataset..............
2026-07-13 17:44:36 | INFO | ML | Loading dataset: hours_scores_case
2026-07-13 17:44:36 | INFO | ML | Loaded: 10 rows, 6 columns
2026-07-13 17:44:36 | DEBUG | ML | 
   hours_studied  practice_quizzes  attendance_pct  sleep_hours  prior_score  score
0            2.0                 1              72          6.0           58     62
1            3.5                 2              80          6.5           61     68
2            4.0                 3              85          7.0           64     72
3            5.0                 3              88          7.5           66     76
4            6.0                 4              90          7.0           70     81
2026-07-13 17:44:36 | INFO | ML | Inspect dataset...........
2026-07-13 17:44:36 | INFO | ML | Column names
2026-07-13 17:44:36 | DEBUG | ML | ['hours_studied', 'practice_quizzes', 'attendance_pct', 'sleep_hours', 'prior_score', 'score']
2026-07-13 17:44:36 | INFO | ML | DataFrame info
2026-07-13 17:44:36 | INFO | ML | Dataset shape: 10 rows, 6 columns
2026-07-13 17:44:36 | INFO | ML | Check data quality........
2026-07-13 17:44:36 | INFO | ML | Missing values by column
2026-07-13 17:44:36 | DEBUG | ML | 
hours_studied       0
practice_quizzes    0
attendance_pct      0
sleep_hours         0
prior_score         0
score               0
dtype: int64
2026-07-13 17:44:36 | INFO | ML | Duplicate row count: 0
2026-07-13 17:44:36 | INFO | ML | Create clean view.........
2026-07-13 17:44:36 | INFO | ML | Creating clean modeling view
2026-07-13 17:44:36 | INFO | ML | Clean view: 10 rows, 6 columns
2026-07-13 17:44:36 | INFO | ML | Train supervised model....
2026-07-13 17:44:36 | INFO | ML | Training LinearRegression model
2026-07-13 17:44:36 | INFO | ML | Mean absolute error: 0.48
2026-07-13 17:44:36 | INFO | ML | R-squared: 1.00
2026-07-13 17:44:36 | INFO | ML | Predict one case..........
2026-07-13 17:44:36 | INFO | ML | Predicting one new case
2026-07-13 17:44:36 | INFO | ML | New case:
   hours_studied  practice_quizzes  attendance_pct  sleep_hours  prior_score
0            6.5                 4              92          7.0           72
2026-07-13 17:44:36 | INFO | ML | Predicted score: 83.4
2026-07-13 17:44:36 | INFO | ML | Create charts.............
2026-07-13 17:44:36 | INFO | ML | Creating chart: hours studied vs score
2026-07-13 17:44:37 | INFO | ML | Creating chart: model coefficients
2026-07-13 17:44:37 | INFO | ML | Got a figure Figure(1800x1000) and axes Axes(0.125,0.11;0.775x0.77) from plt.subplots().
2026-07-13 17:44:37 | INFO | ML | Summarize workflow........
2026-07-13 17:44:37 | INFO | ML | ========================
2026-07-13 17:44:37 | INFO | ML | SUMMARY
2026-07-13 17:44:37 | INFO | ML | ========================
2026-07-13 17:44:37 | INFO | ML | Dataset: hours_scores_case
2026-07-13 17:44:37 | INFO | ML | Original rows: 10
2026-07-13 17:44:37 | INFO | ML | Clean rows: 10
2026-07-13 17:44:37 | INFO | ML | Features: ['hours_studied', 'practice_quizzes', 'attendance_pct', 'sleep_hours', 'prior_score']
2026-07-13 17:44:37 | INFO | ML | Target: score
2026-07-13 17:44:37 | INFO | ML | ----- in a script, call plt.show() once at the end to display all charts -----
2026-07-13 17:44:37 | INFO | ML | ----- in a script, CLOSE the chart windows with the close button to CONTINUE -----
2026-07-13 17:44:43 | INFO | ML | Workflow complete
2026-07-13 17:44:43 | INFO | ML | IMPORTANT: This script creates chart windows.
2026-07-13 17:44:43 | INFO | ML | Close chart windows and terminate this process with CTRL+c as needed.
2026-07-13 17:44:43 | INFO | ML | ========================
2026-07-13 17:44:43 | INFO | ML | Executed successfully!
2026-07-13 17:44:43 | INFO | ML | ========================
2026-07-14 16:47:47 | INFO | M03 | === RUN START ===
2026-07-14 16:47:47 | INFO | M03 | project=M03
2026-07-14 16:47:47 | INFO | M03 | repo_dir=ml-03-classification
2026-07-14 16:47:47 | INFO | M03 | python=3.14.5
2026-07-14 16:47:47 | INFO | M03 | os=Darwin 20.6.0
2026-07-14 16:47:47 | INFO | M03 | shell=zsh
2026-07-14 16:47:47 | INFO | M03 | cwd=notebooks
2026-07-14 16:47:47 | INFO | M03 | github_actions=False
2026-07-14 16:47:47 | INFO | M03 | Confirming installation:
2026-07-14 16:47:47 | INFO | M03 |   python:       3.14.5
2026-07-14 16:47:47 | INFO | M03 |   pandas:       3.0.3
2026-07-14 16:47:47 | INFO | M03 |   numpy:        2.5.1
2026-07-14 16:47:47 | INFO | M03 |   scikit-learn: 1.9.0
2026-07-14 16:47:47 | INFO | M03 |   seaborn:      0.13.2
2026-07-14 16:47:47 | INFO | M03 |   matplotlib:   3.11.0
2026-07-14 16:49:06 | INFO | M03 | Loading dataset: penguins
2026-07-14 16:49:06 | INFO | M03 | Loaded: 344 rows (instances), 7 columns
2026-07-14 16:49:06 | INFO | M03 | Original rows: 344
2026-07-14 16:49:06 | INFO | M03 | Model rows:    342
2026-07-14 16:49:06 | INFO | M03 | Classes in target 'species': ['Adelie', 'Chinstrap', 'Gentoo']
2026-07-14 16:49:06 | DEBUG | M03 | Class counts:
species
Adelie       151
Gentoo       123
Chinstrap     68
Name: count, dtype: int64
2026-07-14 16:49:12 | INFO | M03 | Train instances: 273
2026-07-14 16:49:12 | INFO | M03 | Test instances: 69
2026-07-14 16:49:39 | INFO | M03 | === RUN START ===
2026-07-14 16:49:39 | INFO | M03 | project=M03
2026-07-14 16:49:39 | INFO | M03 | repo_dir=ml-03-classification
2026-07-14 16:49:39 | INFO | M03 | python=3.14.5
2026-07-14 16:49:39 | INFO | M03 | os=Darwin 20.6.0
2026-07-14 16:49:39 | INFO | M03 | shell=zsh
2026-07-14 16:49:39 | INFO | M03 | cwd=notebooks
2026-07-14 16:49:39 | INFO | M03 | github_actions=False
2026-07-14 16:49:39 | INFO | M03 | Confirming installation:
2026-07-14 16:49:39 | INFO | M03 |   python:       3.14.5
2026-07-14 16:49:39 | INFO | M03 |   pandas:       3.0.3
2026-07-14 16:49:39 | INFO | M03 |   numpy:        2.5.1
2026-07-14 16:49:39 | INFO | M03 |   scikit-learn: 1.9.0
2026-07-14 16:49:39 | INFO | M03 |   seaborn:      0.13.2
2026-07-14 16:49:39 | INFO | M03 |   matplotlib:   3.11.0
2026-07-14 16:49:45 | INFO | M03 | Loading dataset: penguins
2026-07-14 16:49:45 | INFO | M03 | Loaded: 344 rows (instances), 7 columns
2026-07-14 16:49:45 | INFO | M03 | Original rows: 344
2026-07-14 16:49:45 | INFO | M03 | Model rows:    342
2026-07-14 16:49:45 | INFO | M03 | Classes in target 'species': ['Adelie', 'Chinstrap', 'Gentoo']
2026-07-14 16:49:45 | DEBUG | M03 | Class counts:
species
Adelie       151
Gentoo       123
Chinstrap     68
Name: count, dtype: int64
2026-07-14 16:49:48 | INFO | M03 | Train instances: 273
2026-07-14 16:49:48 | INFO | M03 | Test instances: 69
2026-07-19 20:41:17 | INFO | M03 | === RUN START ===
2026-07-19 20:41:17 | INFO | M03 | project=M03
2026-07-19 20:41:17 | INFO | M03 | repo_dir=ml-03-classification
2026-07-19 20:41:17 | INFO | M03 | python=3.14.5
2026-07-19 20:41:17 | INFO | M03 | os=Darwin 20.6.0
2026-07-19 20:41:17 | INFO | M03 | shell=zsh
2026-07-19 20:41:17 | INFO | M03 | cwd=notebooks
2026-07-19 20:41:17 | INFO | M03 | github_actions=False
2026-07-19 20:41:17 | INFO | M03 | Confirming installation:
2026-07-19 20:41:17 | INFO | M03 |   python:       3.14.5
2026-07-19 20:41:17 | INFO | M03 |   pandas:       3.0.3
2026-07-19 20:41:17 | INFO | M03 |   numpy:        2.5.1
2026-07-19 20:41:17 | INFO | M03 |   scikit-learn: 1.9.0
2026-07-19 20:41:17 | INFO | M03 |   seaborn:      0.13.2
2026-07-19 20:41:17 | INFO | M03 |   matplotlib:   3.11.0
2026-07-19 20:41:22 | INFO | M03 | Loading dataset: penguins
2026-07-19 20:41:22 | INFO | M03 | Loaded: 344 rows (instances), 7 columns
2026-07-19 20:41:22 | INFO | M03 | Original rows: 344
2026-07-19 20:41:22 | INFO | M03 | Model rows:    342
2026-07-19 20:41:22 | INFO | M03 | Classes in target 'species': ['Adelie', 'Chinstrap', 'Gentoo']
2026-07-19 20:41:22 | DEBUG | M03 | Class counts:
species
Adelie       151
Gentoo       123
Chinstrap     68
Name: count, dtype: int64
2026-07-19 20:41:25 | INFO | M03 | Train instances: 273
2026-07-19 20:41:25 | INFO | M03 | Test instances: 69
2026-07-19 20:43:11 | INFO | M03 | Fitting DecisionTreeClassifier(max_depth=3)
2026-07-19 20:46:14 | INFO | M03 | Decision Tree Accuracy: 0.986
2026-07-19 20:46:14 | INFO | M03 | Random Forest Accuracy: 1.000
2026-07-19 20:46:14 | INFO | M03 | Decision Tree Classification Report
2026-07-19 20:46:14 | DEBUG | M03 | 
              precision    recall  f1-score   support

      Adelie       0.97      1.00      0.98        30
   Chinstrap       1.00      0.93      0.96        14
      Gentoo       1.00      1.00      1.00        25

    accuracy                           0.99        69
   macro avg       0.99      0.98      0.98        69
weighted avg       0.99      0.99      0.99        69

2026-07-19 20:46:14 | INFO | M03 | Random Forest Classification Report
2026-07-19 20:46:14 | DEBUG | M03 | 
              precision    recall  f1-score   support

      Adelie       1.00      1.00      1.00        30
   Chinstrap       1.00      1.00      1.00        14
      Gentoo       1.00      1.00      1.00        25

    accuracy                           1.00        69
   macro avg       1.00      1.00      1.00        69
weighted avg       1.00      1.00      1.00        69

2026-07-19 20:46:14 | INFO | M03 | Showing confusion matrix (rows = actual, cols = predicted)
2026-07-19 20:49:44 | INFO | M03 | Feature importance:
2026-07-19 20:49:44 | INFO | M03 | 
body_mass_g          0.018430
bill_depth_mm        0.064314
bill_length_mm       0.364857
flipper_length_mm    0.552399
dtype: float64
2026-07-19 20:52:14 | INFO | M03 | === RUN START ===
2026-07-19 20:52:14 | INFO | M03 | project=M03
2026-07-19 20:52:14 | INFO | M03 | repo_dir=ml-03-classification
2026-07-19 20:52:14 | INFO | M03 | python=3.14.5
2026-07-19 20:52:14 | INFO | M03 | os=Darwin 20.6.0
2026-07-19 20:52:14 | INFO | M03 | shell=zsh
2026-07-19 20:52:14 | INFO | M03 | cwd=notebooks
2026-07-19 20:52:14 | INFO | M03 | github_actions=False
2026-07-19 20:52:14 | INFO | M03 | Confirming installation:
2026-07-19 20:52:14 | INFO | M03 |   python:       3.14.5
2026-07-19 20:52:14 | INFO | M03 |   pandas:       3.0.3
2026-07-19 20:52:14 | INFO | M03 |   numpy:        2.5.1
2026-07-19 20:52:14 | INFO | M03 |   scikit-learn: 1.9.0
2026-07-19 20:52:14 | INFO | M03 |   seaborn:      0.13.2
2026-07-19 20:52:14 | INFO | M03 |   matplotlib:   3.11.0
2026-07-19 20:52:14 | INFO | M03 | Loading dataset: penguins
2026-07-19 20:52:14 | INFO | M03 | Loaded: 344 rows (instances), 7 columns
2026-07-19 20:52:14 | INFO | M03 | Original rows: 344
2026-07-19 20:52:14 | INFO | M03 | Model rows:    342
2026-07-19 20:52:14 | INFO | M03 | Classes in target 'species': ['Adelie', 'Chinstrap', 'Gentoo']
2026-07-19 20:52:14 | DEBUG | M03 | Class counts:
species
Adelie       151
Gentoo       123
Chinstrap     68
Name: count, dtype: int64
2026-07-19 20:52:14 | INFO | M03 | Train instances: 273
2026-07-19 20:52:14 | INFO | M03 | Test instances: 69
2026-07-19 20:52:14 | INFO | M03 | Fitting DecisionTreeClassifier(max_depth=3)
2026-07-19 20:52:15 | INFO | M03 | Decision Tree Accuracy: 0.986
2026-07-19 20:52:15 | INFO | M03 | Random Forest Accuracy: 1.000
2026-07-19 20:52:15 | INFO | M03 | Decision Tree Classification Report
2026-07-19 20:52:15 | DEBUG | M03 | 
              precision    recall  f1-score   support

      Adelie       0.97      1.00      0.98        30
   Chinstrap       1.00      0.93      0.96        14
      Gentoo       1.00      1.00      1.00        25

    accuracy                           0.99        69
   macro avg       0.99      0.98      0.98        69
weighted avg       0.99      0.99      0.99        69

2026-07-19 20:52:15 | INFO | M03 | Random Forest Classification Report
2026-07-19 20:52:15 | DEBUG | M03 | 
              precision    recall  f1-score   support

      Adelie       1.00      1.00      1.00        30
   Chinstrap       1.00      1.00      1.00        14
      Gentoo       1.00      1.00      1.00        25

    accuracy                           1.00        69
   macro avg       1.00      1.00      1.00        69
weighted avg       1.00      1.00      1.00        69

2026-07-19 20:52:15 | INFO | M03 | Showing confusion matrix (rows = actual, cols = predicted)
2026-07-19 20:52:16 | INFO | M03 | Feature importance:
2026-07-19 20:52:16 | INFO | M03 | 
body_mass_g          0.018430
bill_depth_mm        0.064314
bill_length_mm       0.364857
flipper_length_mm    0.552399
dtype: float64
2026-07-19 20:52:16 | DEBUG | M03 |   depth= 1  train=0.791  test=0.797
2026-07-19 20:52:16 | DEBUG | M03 |   depth= 2  train=0.960  test=0.986
2026-07-19 20:52:16 | DEBUG | M03 |   depth= 3  train=0.967  test=0.986
2026-07-19 20:52:16 | DEBUG | M03 |   depth= 4  train=0.989  test=1.000
2026-07-19 20:52:16 | DEBUG | M03 |   depth= 5  train=0.996  test=1.000
2026-07-19 20:52:16 | DEBUG | M03 |   depth= 6  train=0.996  test=1.000
2026-07-19 20:52:16 | DEBUG | M03 |   depth= 7  train=1.000  test=1.000
2026-07-19 20:52:16 | DEBUG | M03 |   depth= 8  train=1.000  test=1.000
2026-07-19 20:52:16 | DEBUG | M03 |   depth= 9  train=1.000  test=1.000
2026-07-19 20:52:16 | DEBUG | M03 |   depth=10  train=1.000  test=1.000
2026-07-19 20:52:16 | DEBUG | M03 |   depth=11  train=1.000  test=1.000
2026-07-19 20:52:16 | DEBUG | M03 |   depth=12  train=1.000  test=1.000
2026-07-19 20:52:16 | INFO | M03 | ========================
2026-07-19 20:52:16 | INFO | M03 | SUMMARY
2026-07-19 20:52:16 | INFO | M03 | ========================
2026-07-19 20:52:16 | INFO | M03 | Dataset:   penguins
2026-07-19 20:52:16 | INFO | M03 | Target:    species  (classification)
2026-07-19 20:52:16 | INFO | M03 | Features:  ['bill_length_mm', 'bill_depth_mm', 'flipper_length_mm', 'body_mass_g']
2026-07-19 20:52:16 | INFO | M03 | Model:     DecisionTreeClassifier(max_depth=3)
2026-07-19 20:52:16 | INFO | M03 | ========================
2026-07-19 20:53:09 | INFO | M03 | ========================
2026-07-19 20:53:09 | INFO | M03 | SUMMARY
2026-07-19 20:53:09 | INFO | M03 | ========================
2026-07-19 20:53:09 | INFO | M03 | Dataset:   penguins
2026-07-19 20:53:09 | INFO | M03 | Target:    species  (classification)
2026-07-19 20:53:09 | INFO | M03 | Features:  ['bill_length_mm', 'bill_depth_mm', 'flipper_length_mm', 'body_mass_g']
2026-07-19 20:53:09 | INFO | M03 | Models Compared:
2026-07-19 20:53:09 | INFO | M03 |   Decision Tree (max_depth=3)
2026-07-19 20:53:09 | INFO | M03 |    Random Forest (100 trees)
2026-07-19 20:53:09 | INFO | M03 | ========================
2026-07-19 20:53:18 | INFO | M03 | ========================
2026-07-19 20:53:18 | INFO | M03 | SUMMARY
2026-07-19 20:53:18 | INFO | M03 | ========================
2026-07-19 20:53:18 | INFO | M03 | Dataset:   penguins
2026-07-19 20:53:18 | INFO | M03 | Target:    species  (classification)
2026-07-19 20:53:18 | INFO | M03 | Features:  ['bill_length_mm', 'bill_depth_mm', 'flipper_length_mm', 'body_mass_g']
2026-07-19 20:53:18 | INFO | M03 | Models Compared:
2026-07-19 20:53:18 | INFO | M03 |   Decision Tree (max_depth=3)
2026-07-19 20:53:18 | INFO | M03 |    Random Forest (100 trees)
2026-07-19 20:53:18 | INFO | M03 | ========================
2026-07-19 20:53:22 | INFO | M03 | ========================
2026-07-19 20:53:22 | INFO | M03 | SUMMARY
2026-07-19 20:53:22 | INFO | M03 | ========================
2026-07-19 20:53:22 | INFO | M03 | Dataset:   penguins
2026-07-19 20:53:22 | INFO | M03 | Target:    species  (classification)
2026-07-19 20:53:22 | INFO | M03 | Features:  ['bill_length_mm', 'bill_depth_mm', 'flipper_length_mm', 'body_mass_g']
2026-07-19 20:53:22 | INFO | M03 | Models Compared:
2026-07-19 20:53:22 | INFO | M03 |   Decision Tree (max_depth=3)
2026-07-19 20:53:22 | INFO | M03 |   Random Forest (100 trees)
2026-07-19 20:53:22 | INFO | M03 | ========================
